{"/Users/dauster/Developer/nanodegree-react/reactnd-project-myreads-starter/src/App.js": {"path":"/Users/dauster/Developer/nanodegree-react/reactnd-project-myreads-starter/src/App.js","statementMap":{"0":{"start":{"line":27,"column":4},"end":{"line":27,"column":31}},"1":{"start":{"line":29,"column":4},"end":{"line":44,"column":5}},"2":{"start":{"line":31,"column":6},"end":{"line":43,"column":8}},"3":{"start":{"line":33,"column":8},"end":{"line":33,"column":42}},"4":{"start":{"line":36,"column":8},"end":{"line":42,"column":11}},"5":{"start":{"line":36,"column":37},"end":{"line":42,"column":9}},"6":{"start":{"line":38,"column":30},"end":{"line":38,"column":100}},"7":{"start":{"line":38,"column":65},"end":{"line":38,"column":99}},"8":{"start":{"line":39,"column":12},"end":{"line":39,"column":91}},"9":{"start":{"line":40,"column":12},"end":{"line":40,"column":39}},"10":{"start":{"line":50,"column":4},"end":{"line":57,"column":6}},"11":{"start":{"line":52,"column":6},"end":{"line":52,"column":24}},"12":{"start":{"line":54,"column":6},"end":{"line":56,"column":9}},"13":{"start":{"line":54,"column":34},"end":{"line":56,"column":7}},"14":{"start":{"line":55,"column":60},"end":{"line":55,"column":85}},"15":{"start":{"line":62,"column":4},"end":{"line":65,"column":6}},"16":{"start":{"line":63,"column":6},"end":{"line":63,"column":64}},"17":{"start":{"line":64,"column":6},"end":{"line":64,"column":24}},"18":{"start":{"line":70,"column":6},"end":{"line":70,"column":60}},"19":{"start":{"line":74,"column":4},"end":{"line":74,"column":48}},"20":{"start":{"line":83,"column":4},"end":{"line":83,"column":45}},"21":{"start":{"line":84,"column":4},"end":{"line":84,"column":21}},"22":{"start":{"line":91,"column":4},"end":{"line":110,"column":5}},"23":{"start":{"line":94,"column":10},"end":{"line":98,"column":12}},"24":{"start":{"line":101,"column":10},"end":{"line":107,"column":46}}},"fnMap":{"0":{"name":"(anonymous_0)","decl":{"start":{"line":25,"column":17},"end":{"line":25,"column":18}},"loc":{"start":{"line":25,"column":33},"end":{"line":45,"column":3}},"line":25},"1":{"name":"(anonymous_1)","decl":{"start":{"line":31,"column":40},"end":{"line":31,"column":41}},"loc":{"start":{"line":31,"column":49},"end":{"line":43,"column":7}},"line":31},"2":{"name":"(anonymous_2)","decl":{"start":{"line":36,"column":23},"end":{"line":36,"column":24}},"loc":{"start":{"line":36,"column":37},"end":{"line":42,"column":9}},"line":36},"3":{"name":"(anonymous_3)","decl":{"start":{"line":37,"column":38},"end":{"line":37,"column":39}},"loc":{"start":{"line":37,"column":61},"end":{"line":41,"column":11}},"line":37},"4":{"name":"(anonymous_4)","decl":{"start":{"line":38,"column":57},"end":{"line":38,"column":58}},"loc":{"start":{"line":38,"column":65},"end":{"line":38,"column":99}},"line":38},"5":{"name":"(anonymous_5)","decl":{"start":{"line":48,"column":13},"end":{"line":48,"column":14}},"loc":{"start":{"line":48,"column":29},"end":{"line":58,"column":3}},"line":48},"6":{"name":"(anonymous_6)","decl":{"start":{"line":50,"column":37},"end":{"line":50,"column":38}},"loc":{"start":{"line":50,"column":47},"end":{"line":57,"column":5}},"line":50},"7":{"name":"(anonymous_7)","decl":{"start":{"line":54,"column":20},"end":{"line":54,"column":21}},"loc":{"start":{"line":54,"column":34},"end":{"line":56,"column":7}},"line":54},"8":{"name":"(anonymous_8)","decl":{"start":{"line":55,"column":46},"end":{"line":55,"column":47}},"loc":{"start":{"line":55,"column":60},"end":{"line":55,"column":85}},"line":55},"9":{"name":"(anonymous_9)","decl":{"start":{"line":61,"column":15},"end":{"line":61,"column":16}},"loc":{"start":{"line":61,"column":20},"end":{"line":66,"column":3}},"line":61},"10":{"name":"(anonymous_10)","decl":{"start":{"line":62,"column":27},"end":{"line":62,"column":28}},"loc":{"start":{"line":62,"column":36},"end":{"line":65,"column":5}},"line":62},"11":{"name":"(anonymous_11)","decl":{"start":{"line":69,"column":16},"end":{"line":69,"column":17}},"loc":{"start":{"line":69,"column":21},"end":{"line":71,"column":3}},"line":69},"12":{"name":"(anonymous_12)","decl":{"start":{"line":73,"column":2},"end":{"line":73,"column":3}},"loc":{"start":{"line":73,"column":25},"end":{"line":75,"column":2}},"line":73},"13":{"name":"(anonymous_13)","decl":{"start":{"line":82,"column":2},"end":{"line":82,"column":3}},"loc":{"start":{"line":82,"column":21},"end":{"line":85,"column":3}},"line":82},"14":{"name":"(anonymous_14)","decl":{"start":{"line":87,"column":2},"end":{"line":87,"column":3}},"loc":{"start":{"line":87,"column":11},"end":{"line":111,"column":3}},"line":87},"15":{"name":"(anonymous_15)","decl":{"start":{"line":93,"column":38},"end":{"line":93,"column":39}},"loc":{"start":{"line":94,"column":10},"end":{"line":98,"column":12}},"line":94},"16":{"name":"(anonymous_16)","decl":{"start":{"line":100,"column":38},"end":{"line":100,"column":39}},"loc":{"start":{"line":101,"column":10},"end":{"line":107,"column":46}},"line":101}},"branchMap":{"0":{"loc":{"start":{"line":29,"column":4},"end":{"line":44,"column":5}},"type":"if","locations":[{"start":{"line":29,"column":4},"end":{"line":44,"column":5}},{"start":{"line":29,"column":4},"end":{"line":44,"column":5}}],"line":29},"1":{"loc":{"start":{"line":33,"column":16},"end":{"line":33,"column":40}},"type":"cond-expr","locations":[{"start":{"line":33,"column":30},"end":{"line":33,"column":32}},{"start":{"line":33,"column":35},"end":{"line":33,"column":40}}],"line":33},"2":{"loc":{"start":{"line":39,"column":40},"end":{"line":39,"column":90}},"type":"cond-expr","locations":[{"start":{"line":39,"column":63},"end":{"line":39,"column":81}},{"start":{"line":39,"column":84},"end":{"line":39,"column":90}}],"line":39}},"s":{"0":0,"1":0,"2":0,"3":0,"4":0,"5":0,"6":0,"7":0,"8":0,"9":0,"10":0,"11":0,"12":0,"13":0,"14":0,"15":0,"16":0,"17":0,"18":0,"19":0,"20":0,"21":0,"22":0,"23":0,"24":0},"f":{"0":0,"1":0,"2":0,"3":0,"4":0,"5":0,"6":0,"7":0,"8":0,"9":0,"10":0,"11":0,"12":0,"13":0,"14":0,"15":0,"16":0},"b":{"0":[0,0],"1":[0,0],"2":[0,0]},"_coverageSchema":"332fd63041d2c1bcb487cc26dd0d5f7d97098a6c","hash":"c1da893ac5061e50cdca1e319d376c8cf8c2b3c4"}
,"/Users/dauster/Developer/nanodegree-react/reactnd-project-myreads-starter/src/Book.js": {"path":"/Users/dauster/Developer/nanodegree-react/reactnd-project-myreads-starter/src/Book.js","statementMap":{"0":{"start":{"line":32,"column":4},"end":{"line":32,"column":44}},"1":{"start":{"line":36,"column":4},"end":{"line":36,"column":41}},"2":{"start":{"line":42,"column":44},"end":{"line":42,"column":54}},"3":{"start":{"line":45,"column":4},"end":{"line":79,"column":5}},"4":{"start":{"line":50,"column":65},"end":{"line":50,"column":103}},"5":{"start":{"line":53,"column":18},"end":{"line":53,"column":101}},"6":{"start":{"line":62,"column":10},"end":{"line":62,"column":88}},"7":{"start":{"line":66,"column":10},"end":{"line":66,"column":96}}},"fnMap":{"0":{"name":"(anonymous_0)","decl":{"start":{"line":31,"column":2},"end":{"line":31,"column":3}},"loc":{"start":{"line":31,"column":25},"end":{"line":33,"column":3}},"line":31},"1":{"name":"(anonymous_1)","decl":{"start":{"line":35,"column":2},"end":{"line":35,"column":3}},"loc":{"start":{"line":35,"column":21},"end":{"line":37,"column":3}},"line":35},"2":{"name":"(anonymous_2)","decl":{"start":{"line":39,"column":2},"end":{"line":39,"column":3}},"loc":{"start":{"line":39,"column":10},"end":{"line":80,"column":3}},"line":39},"3":{"name":"(anonymous_3)","decl":{"start":{"line":50,"column":58},"end":{"line":50,"column":59}},"loc":{"start":{"line":50,"column":65},"end":{"line":50,"column":103}},"line":50},"4":{"name":"(anonymous_4)","decl":{"start":{"line":52,"column":31},"end":{"line":52,"column":32}},"loc":{"start":{"line":53,"column":18},"end":{"line":53,"column":101}},"line":53},"5":{"name":"(anonymous_5)","decl":{"start":{"line":61,"column":41},"end":{"line":61,"column":42}},"loc":{"start":{"line":62,"column":10},"end":{"line":62,"column":88}},"line":62},"6":{"name":"(anonymous_6)","decl":{"start":{"line":65,"column":47},"end":{"line":65,"column":48}},"loc":{"start":{"line":66,"column":10},"end":{"line":66,"column":96}},"line":66}},"branchMap":{"0":{"loc":{"start":{"line":48,"column":96},"end":{"line":48,"column":180}},"type":"cond-expr","locations":[{"start":{"line":48,"column":128},"end":{"line":48,"column":153}},{"start":{"line":48,"column":155},"end":{"line":48,"column":180}}],"line":48},"1":{"loc":{"start":{"line":61,"column":9},"end":{"line":63,"column":16}},"type":"cond-expr","locations":[{"start":{"line":61,"column":24},"end":{"line":63,"column":10}},{"start":{"line":63,"column":12},"end":{"line":63,"column":16}}],"line":61},"2":{"loc":{"start":{"line":65,"column":9},"end":{"line":67,"column":17}},"type":"cond-expr","locations":[{"start":{"line":65,"column":27},"end":{"line":67,"column":10}},{"start":{"line":67,"column":13},"end":{"line":67,"column":17}}],"line":65}},"s":{"0":0,"1":12,"2":12,"3":12,"4":0,"5":36,"6":15,"7":5},"f":{"0":0,"1":12,"2":12,"3":0,"4":36,"5":15,"6":5},"b":{"0":[7,5],"1":[10,2],"2":[5,7]},"_coverageSchema":"332fd63041d2c1bcb487cc26dd0d5f7d97098a6c","hash":"8c933b60e9d3a6a9a36fa7067e5526dea7239336"}
,"/Users/dauster/Developer/nanodegree-react/reactnd-project-myreads-starter/src/BookList.js": {"path":"/Users/dauster/Developer/nanodegree-react/reactnd-project-myreads-starter/src/BookList.js","statementMap":{"0":{"start":{"line":22,"column":4},"end":{"line":22,"column":48}},"1":{"start":{"line":26,"column":4},"end":{"line":26,"column":45}},"2":{"start":{"line":34,"column":45},"end":{"line":34,"column":55}},"3":{"start":{"line":36,"column":21},"end":{"line":40,"column":6}},"4":{"start":{"line":37,"column":6},"end":{"line":39,"column":11}},"5":{"start":{"line":42,"column":4},"end":{"line":48,"column":5}}},"fnMap":{"0":{"name":"(anonymous_0)","decl":{"start":{"line":21,"column":2},"end":{"line":21,"column":3}},"loc":{"start":{"line":21,"column":25},"end":{"line":23,"column":3}},"line":21},"1":{"name":"(anonymous_1)","decl":{"start":{"line":25,"column":2},"end":{"line":25,"column":3}},"loc":{"start":{"line":25,"column":21},"end":{"line":27,"column":3}},"line":25},"2":{"name":"(anonymous_2)","decl":{"start":{"line":31,"column":3},"end":{"line":31,"column":4}},"loc":{"start":{"line":31,"column":11},"end":{"line":49,"column":3}},"line":31},"3":{"name":"(anonymous_3)","decl":{"start":{"line":36,"column":32},"end":{"line":36,"column":33}},"loc":{"start":{"line":37,"column":6},"end":{"line":39,"column":11}},"line":37}},"branchMap":{},"s":{"0":0,"1":4,"2":4,"3":4,"4":4,"5":4},"f":{"0":0,"1":4,"2":4,"3":4},"b":{},"_coverageSchema":"332fd63041d2c1bcb487cc26dd0d5f7d97098a6c","hash":"3589a644c66e5e496095b90d64dc27f4615a2773"}
,"/Users/dauster/Developer/nanodegree-react/reactnd-project-myreads-starter/src/BooksAPI.js": {"path":"/Users/dauster/Developer/nanodegree-react/reactnd-project-myreads-starter/src/BooksAPI.js","statementMap":{"0":{"start":{"line":2,"column":12},"end":{"line":2,"column":51}},"1":{"start":{"line":6,"column":12},"end":{"line":6,"column":30}},"2":{"start":{"line":7,"column":0},"end":{"line":8,"column":68}},"3":{"start":{"line":8,"column":2},"end":{"line":8,"column":68}},"4":{"start":{"line":10,"column":16},"end":{"line":13,"column":1}},"5":{"start":{"line":15,"column":19},"end":{"line":18,"column":28}},"6":{"start":{"line":16,"column":2},"end":{"line":18,"column":28}},"7":{"start":{"line":17,"column":17},"end":{"line":17,"column":27}},"8":{"start":{"line":18,"column":18},"end":{"line":18,"column":27}},"9":{"start":{"line":20,"column":22},"end":{"line":23,"column":29}},"10":{"start":{"line":21,"column":2},"end":{"line":23,"column":29}},"11":{"start":{"line":22,"column":17},"end":{"line":22,"column":27}},"12":{"start":{"line":23,"column":18},"end":{"line":23,"column":28}},"13":{"start":{"line":25,"column":22},"end":{"line":33,"column":28}},"14":{"start":{"line":26,"column":2},"end":{"line":33,"column":28}},"15":{"start":{"line":33,"column":17},"end":{"line":33,"column":27}},"16":{"start":{"line":35,"column":22},"end":{"line":44,"column":29}},"17":{"start":{"line":36,"column":2},"end":{"line":44,"column":29}},"18":{"start":{"line":43,"column":17},"end":{"line":43,"column":27}},"19":{"start":{"line":44,"column":18},"end":{"line":44,"column":28}}},"fnMap":{"0":{"name":"(anonymous_0)","decl":{"start":{"line":15,"column":19},"end":{"line":15,"column":20}},"loc":{"start":{"line":16,"column":2},"end":{"line":18,"column":28}},"line":16},"1":{"name":"(anonymous_1)","decl":{"start":{"line":17,"column":10},"end":{"line":17,"column":11}},"loc":{"start":{"line":17,"column":17},"end":{"line":17,"column":27}},"line":17},"2":{"name":"(anonymous_2)","decl":{"start":{"line":18,"column":10},"end":{"line":18,"column":11}},"loc":{"start":{"line":18,"column":18},"end":{"line":18,"column":27}},"line":18},"3":{"name":"(anonymous_3)","decl":{"start":{"line":20,"column":22},"end":{"line":20,"column":23}},"loc":{"start":{"line":21,"column":2},"end":{"line":23,"column":29}},"line":21},"4":{"name":"(anonymous_4)","decl":{"start":{"line":22,"column":10},"end":{"line":22,"column":11}},"loc":{"start":{"line":22,"column":17},"end":{"line":22,"column":27}},"line":22},"5":{"name":"(anonymous_5)","decl":{"start":{"line":23,"column":10},"end":{"line":23,"column":11}},"loc":{"start":{"line":23,"column":18},"end":{"line":23,"column":28}},"line":23},"6":{"name":"(anonymous_6)","decl":{"start":{"line":25,"column":22},"end":{"line":25,"column":23}},"loc":{"start":{"line":26,"column":2},"end":{"line":33,"column":28}},"line":26},"7":{"name":"(anonymous_7)","decl":{"start":{"line":33,"column":10},"end":{"line":33,"column":11}},"loc":{"start":{"line":33,"column":17},"end":{"line":33,"column":27}},"line":33},"8":{"name":"(anonymous_8)","decl":{"start":{"line":35,"column":22},"end":{"line":35,"column":23}},"loc":{"start":{"line":36,"column":2},"end":{"line":44,"column":29}},"line":36},"9":{"name":"(anonymous_9)","decl":{"start":{"line":43,"column":10},"end":{"line":43,"column":11}},"loc":{"start":{"line":43,"column":17},"end":{"line":43,"column":27}},"line":43},"10":{"name":"(anonymous_10)","decl":{"start":{"line":44,"column":10},"end":{"line":44,"column":11}},"loc":{"start":{"line":44,"column":18},"end":{"line":44,"column":28}},"line":44}},"branchMap":{"0":{"loc":{"start":{"line":7,"column":0},"end":{"line":8,"column":68}},"type":"if","locations":[{"start":{"line":7,"column":0},"end":{"line":8,"column":68}},{"start":{"line":7,"column":0},"end":{"line":8,"column":68}}],"line":7}},"s":{"0":1,"1":1,"2":1,"3":1,"4":1,"5":1,"6":0,"7":0,"8":0,"9":1,"10":0,"11":0,"12":0,"13":1,"14":0,"15":0,"16":1,"17":0,"18":0,"19":0},"f":{"0":0,"1":0,"2":0,"3":0,"4":0,"5":0,"6":0,"7":0,"8":0,"9":0,"10":0},"b":{"0":[1,0]},"_coverageSchema":"332fd63041d2c1bcb487cc26dd0d5f7d97098a6c","hash":"b2bcaef661acb3fc0b272e72ed2f5e2fc875cace"}
,"/Users/dauster/Developer/nanodegree-react/reactnd-project-myreads-starter/src/SearchBook.js": {"path":"/Users/dauster/Developer/nanodegree-react/reactnd-project-myreads-starter/src/SearchBook.js","statementMap":{"0":{"start":{"line":26,"column":4},"end":{"line":26,"column":17}},"1":{"start":{"line":27,"column":4},"end":{"line":27,"column":53}},"2":{"start":{"line":28,"column":4},"end":{"line":28,"column":62}},"3":{"start":{"line":33,"column":4},"end":{"line":33,"column":38}},"4":{"start":{"line":34,"column":4},"end":{"line":34,"column":31}},"5":{"start":{"line":35,"column":4},"end":{"line":35,"column":50}},"6":{"start":{"line":39,"column":4},"end":{"line":39,"column":47}},"7":{"start":{"line":46,"column":4},"end":{"line":46,"column":52}},"8":{"start":{"line":51,"column":4},"end":{"line":51,"column":36}},"9":{"start":{"line":59,"column":58},"end":{"line":59,"column":68}},"10":{"start":{"line":61,"column":4},"end":{"line":75,"column":5}}},"fnMap":{"0":{"name":"(anonymous_0)","decl":{"start":{"line":25,"column":2},"end":{"line":25,"column":3}},"loc":{"start":{"line":25,"column":21},"end":{"line":29,"column":3}},"line":25},"1":{"name":"(anonymous_1)","decl":{"start":{"line":32,"column":2},"end":{"line":32,"column":3}},"loc":{"start":{"line":32,"column":25},"end":{"line":36,"column":3}},"line":32},"2":{"name":"(anonymous_2)","decl":{"start":{"line":38,"column":2},"end":{"line":38,"column":3}},"loc":{"start":{"line":38,"column":21},"end":{"line":40,"column":3}},"line":38},"3":{"name":"(anonymous_3)","decl":{"start":{"line":45,"column":2},"end":{"line":45,"column":3}},"loc":{"start":{"line":45,"column":18},"end":{"line":47,"column":3}},"line":45},"4":{"name":"(anonymous_4)","decl":{"start":{"line":50,"column":2},"end":{"line":50,"column":3}},"loc":{"start":{"line":50,"column":20},"end":{"line":52,"column":3}},"line":50},"5":{"name":"(anonymous_5)","decl":{"start":{"line":56,"column":2},"end":{"line":56,"column":3}},"loc":{"start":{"line":56,"column":10},"end":{"line":76,"column":3}},"line":56}},"branchMap":{},"s":{"0":0,"1":0,"2":0,"3":0,"4":0,"5":0,"6":0,"7":0,"8":0,"9":0,"10":0},"f":{"0":0,"1":0,"2":0,"3":0,"4":0,"5":0},"b":{},"_coverageSchema":"332fd63041d2c1bcb487cc26dd0d5f7d97098a6c","hash":"0f0fe09f9c6d57d795513b9eb053795bd791abcb"}
,"/Users/dauster/Developer/nanodegree-react/reactnd-project-myreads-starter/src/Shelf.js": {"path":"/Users/dauster/Developer/nanodegree-react/reactnd-project-myreads-starter/src/Shelf.js","statementMap":{"0":{"start":{"line":22,"column":4},"end":{"line":22,"column":42}},"1":{"start":{"line":26,"column":4},"end":{"line":26,"column":45}},"2":{"start":{"line":33,"column":53},"end":{"line":33,"column":63}},"3":{"start":{"line":35,"column":21},"end":{"line":45,"column":8}},"4":{"start":{"line":36,"column":8},"end":{"line":44,"column":14}},"5":{"start":{"line":40,"column":44},"end":{"line":40,"column":68}},"6":{"start":{"line":47,"column":6},"end":{"line":62,"column":5}}},"fnMap":{"0":{"name":"(anonymous_0)","decl":{"start":{"line":21,"column":2},"end":{"line":21,"column":3}},"loc":{"start":{"line":21,"column":21},"end":{"line":23,"column":3}},"line":21},"1":{"name":"(anonymous_1)","decl":{"start":{"line":25,"column":2},"end":{"line":25,"column":3}},"loc":{"start":{"line":25,"column":25},"end":{"line":27,"column":3}},"line":25},"2":{"name":"(anonymous_2)","decl":{"start":{"line":30,"column":2},"end":{"line":30,"column":3}},"loc":{"start":{"line":30,"column":10},"end":{"line":63,"column":3}},"line":30},"3":{"name":"(anonymous_3)","decl":{"start":{"line":35,"column":34},"end":{"line":35,"column":35}},"loc":{"start":{"line":36,"column":8},"end":{"line":44,"column":14}},"line":36},"4":{"name":"(anonymous_4)","decl":{"start":{"line":40,"column":34},"end":{"line":40,"column":35}},"loc":{"start":{"line":40,"column":44},"end":{"line":40,"column":68}},"line":40}},"branchMap":{},"s":{"0":1,"1":0,"2":1,"3":1,"4":3,"5":9,"6":1},"f":{"0":1,"1":0,"2":1,"3":3,"4":9},"b":{},"_coverageSchema":"332fd63041d2c1bcb487cc26dd0d5f7d97098a6c","hash":"1c3938fe626ed6570d71c7eb401b6ec3b8ab1e42"}
,"/Users/dauster/Developer/nanodegree-react/reactnd-project-myreads-starter/src/index.js": {"path":"/Users/dauster/Developer/nanodegree-react/reactnd-project-myreads-starter/src/index.js","statementMap":{"0":{"start":{"line":1,"column":32},"end":{"line":1,"column":120}},"1":{"start":{"line":1,"column":134},"end":{"line":1,"column":150}},"2":{"start":{"line":1,"column":165},"end":{"line":1,"column":195}},"3":{"start":{"line":2,"column":16},"end":{"line":2,"column":36}},"4":{"start":{"line":2,"column":54},"end":{"line":2,"column":87}},"5":{"start":{"line":3,"column":22},"end":{"line":3,"column":49}},"6":{"start":{"line":4,"column":11},"end":{"line":4,"column":27}},"7":{"start":{"line":4,"column":40},"end":{"line":4,"column":68}},"8":{"start":{"line":5,"column":0},"end":{"line":5,"column":23}},"9":{"start":{"line":5,"column":61},"end":{"line":5,"column":115}},"10":{"start":{"line":7,"column":16},"end":{"line":7,"column":151}},"11":{"start":{"line":9,"column":0},"end":{"line":9,"column":337}}},"fnMap":{"0":{"name":"_interopRequireDefault","decl":{"start":{"line":5,"column":32},"end":{"line":5,"column":54}},"loc":{"start":{"line":5,"column":60},"end":{"line":5,"column":116}},"line":5}},"branchMap":{"0":{"loc":{"start":{"line":5,"column":68},"end":{"line":5,"column":114}},"type":"cond-expr","locations":[{"start":{"line":5,"column":92},"end":{"line":5,"column":95}},{"start":{"line":5,"column":98},"end":{"line":5,"column":114}}],"line":5},"1":{"loc":{"start":{"line":5,"column":68},"end":{"line":5,"column":89}},"type":"binary-expr","locations":[{"start":{"line":5,"column":68},"end":{"line":5,"column":71}},{"start":{"line":5,"column":75},"end":{"line":5,"column":89}}],"line":5}},"s":{"0":0,"1":0,"2":0,"3":0,"4":0,"5":0,"6":0,"7":0,"8":0,"9":0,"10":0,"11":0},"f":{"0":0},"b":{"0":[0,0],"1":[0,0]}}
,"/Users/dauster/Developer/nanodegree-react/reactnd-project-myreads-starter/src/setupTests.js": {"path":"/Users/dauster/Developer/nanodegree-react/reactnd-project-myreads-starter/src/setupTests.js","statementMap":{"0":{"start":{"line":5,"column":0},"end":{"line":5,"column":38}},"1":{"start":{"line":7,"column":25},"end":{"line":11,"column":1}},"2":{"start":{"line":13,"column":13},"end":{"line":28,"column":1}},"3":{"start":{"line":30,"column":16},"end":{"line":30,"column":134}},"4":{"start":{"line":31,"column":19},"end":{"line":31,"column":28}},"5":{"start":{"line":32,"column":23},"end":{"line":32,"column":32}},"6":{"start":{"line":33,"column":22},"end":{"line":33,"column":31}},"7":{"start":{"line":34,"column":22},"end":{"line":34,"column":24}},"8":{"start":{"line":36,"column":0},"end":{"line":36,"column":18}},"9":{"start":{"line":37,"column":0},"end":{"line":37,"column":24}},"10":{"start":{"line":38,"column":0},"end":{"line":38,"column":30}},"11":{"start":{"line":39,"column":0},"end":{"line":39,"column":36}},"12":{"start":{"line":40,"column":0},"end":{"line":40,"column":38}},"13":{"start":{"line":41,"column":0},"end":{"line":41,"column":38}}},"fnMap":{},"branchMap":{},"s":{"0":5,"1":5,"2":5,"3":5,"4":5,"5":5,"6":5,"7":5,"8":5,"9":5,"10":5,"11":5,"12":5,"13":5},"f":{},"b":{},"_coverageSchema":"332fd63041d2c1bcb487cc26dd0d5f7d97098a6c","hash":"56b7e1728070f41865b9d3c997cbdfe8c70c365e"}
}
